Build started 27/10/2015 23:25:36.
     1>Project "E:\PENS\COLLEGE COURSE\Kelas 2\SEMESTER 3\Proyek 2\4210141021_SameGameProject\Project1\Project1\Project1.vcxproj" on node 2 (Build target(s)).
     1>ClCompile:
         E:\PENS\COLLEGE COURSE\Aplikasi Pendukung\Visual Studio Enterprise 15\VC\bin\CL.exe /c /ZI /nologo /W3 /WX- /sdl /Od /Oy- /D _MBCS /Gm /EHsc /RTC1 /MDd /GS /fp:precise /Zc:wchar_t /Zc:forScope /Zc:inline /Fo"Debug\\" /Fd"Debug\vc140.pdb" /Gd /TP /analyze- /errorReport:prompt Source.cpp
         Source.cpp
     1>e:\pens\college course\kelas 2\semester 3\proyek 2\4210141021_samegameproject\project1\project1\source.cpp(1): error C2006: '#include': expected a filename, found 'identifier'
     1>e:\pens\college course\kelas 2\semester 3\proyek 2\4210141021_samegameproject\project1\project1\source.cpp(1): fatal error C1083: Cannot open include file: '': No such file or directory
     1>Done Building Project "E:\PENS\COLLEGE COURSE\Kelas 2\SEMESTER 3\Proyek 2\4210141021_SameGameProject\Project1\Project1\Project1.vcxproj" (Build target(s)) -- FAILED.

Build FAILED.

Time Elapsed 00:00:03.17
